SF:lib/enums/standard_mode.dart
DA:9,1
LF:1
LH:1
end_of_record
SF:lib/extensions/string_extensions.dart
DA:2,6
DA:3,6
DA:9,2
DA:10,4
DA:12,6
DA:15,2
DA:16,6
DA:17,2
LF:8
LH:8
end_of_record
SF:lib/text_formatters/cnpj_text_formatter.dart
DA:4,1
DA:8,1
DA:9,1
DA:11,3
DA:13,2
DA:14,1
DA:17,2
DA:18,1
DA:21,2
DA:22,1
DA:25,2
DA:26,1
DA:29,1
DA:30,1
DA:31,1
DA:33,3
DA:37,1
DA:40,2
DA:42,1
DA:43,1
DA:45,2
DA:46,6
LF:22
LH:22
end_of_record
SF:lib/services/cnpj_service.dart
DA:9,3
DA:10,3
DA:11,3
DA:15,3
DA:16,3
DA:21,1
DA:24,1
DA:25,1
DA:26,1
DA:28,1
DA:29,1
DA:32,1
DA:33,2
DA:40,1
DA:43,1
DA:45,2
DA:49,2
DA:51,2
DA:55,2
DA:57,1
DA:61,2
DA:63,1
DA:64,2
DA:66,1
DA:73,1
DA:74,1
DA:75,2
DA:76,1
DA:81,1
DA:82,3
DA:83,5
DA:85,1
DA:87,1
DA:88,1
DA:90,2
DA:95,1
DA:96,5
DA:98,2
DA:100,1
DA:101,1
DA:103,2
DA:113,1
DA:114,3
DA:115,2
DA:116,2
DA:119,1
DA:121,1
DA:124,2
DA:138,1
DA:139,1
DA:140,2
DA:141,3
DA:143,1
LF:53
LH:53
end_of_record
SF:lib/services/random_number_generator.dart
DA:4,3
DA:6,3
DA:9,3
DA:11,2
DA:14,1
DA:15,1
DA:17,1
DA:18,3
DA:19,2
DA:23,1
DA:26,2
DA:28,7
DA:29,1
DA:31,2
DA:33,7
DA:34,1
LF:16
LH:16
end_of_record
